[1] 1
[1] 1
[1] 2
[1] 5
[1] 16
[1] 6
[1] 4
[[1] 8[1] 4

[1] 19
[1] 11
[1] 20[1] 8
3
[1] 14[1] 9
5
[1] 10
[1] 17
[1] 9

[1] 12
[1] 25
[1] 21
[1] 1068.837
[[1] 15
] 1
[1] 24
[1] 16
[1] 3
1.788
[1] 5
[1] 1
[1] 4
[1] 3
[1] 18
[1] 4
[1] 13
[1] 6
[1] 20
[1] 14[1] 7

[1] 9
[1] 10
[1] 9

[1] 10
[1] 13
[1] 11
[1] 17
[1] 16
] 2
[1] 1
[1] 12
[1] 2

[1] 3

[1] 19
[1] 19
[1] 5

[1] 6

[1] 23
[1] 7

[1] 25
[1] 21
[1] 18
] 6
[1] 1
[1] 2
[1] 3
[1] 22[[1] 20
] 6
[1] 12
1] 8
[1] 24
1] 10
[1] 11
[1] 23
[1] 13
[1] 16
[1] 1546.38
[1[1] 17
 1
71
[1] 4
[1] 1
[1] 18
[1] 18
[1] 19
[1] 20
[1] 21
[1] 21
[1] 23
[1] 5

[1] 25
[1] 6
0.626
[1] 7
[1] 1
[1] 24
[1] 25
[1] 6
8.448
[1] 3
[1] 1
[1] 2
[1] 7
[1] 4
[1] 5
[1] 6
[1] 7
[1] 8
[1] 9

[1] 11
[1] 11
[1] 12
[1] 13
[1] 13
[1] 15
[1] 14
[1] 17
[1] 15
[1] 16
[1] 20
[1] 21
[1] 22
[1] 23
[1] 24
[1] 25
[1] 946.359
[1] 4
[1] 1
[1] 2

[1] 21[1] 4
[1] 22
[1] 6
[1] 23
[1] 24[1] 9
[1] 25
[1] 11
[1] 170[1] 13
1] 3
[1] 1
[1] 2

[1] 15
[1] 3

[1] 17
[1] 18
[1] 5

[1] 20
[1] 6
